<?xml version="1.0" encoding="UTF-8"?>
<!-- Generated by org.testng.reporters.JUnitXMLReporter -->
<testsuite ignored="4" hostname="Shri" failures="0" tests="1" name="Default test" time="6.668" errors="0" timestamp="06 Apr 2024 08:13:38 GMT">
  <testcase classname="Com.test.TestCase" name="verifyMobilenumberInvalidOrNot" time="6.645"/>
  <testcase classname="Com.test.TestCase" name="verifyStateRequriedOrNot" time="0.0">
    <ignored/>
  </testcase> <!-- verifyStateRequriedOrNot -->
  <testcase classname="Com.test.TestCase" name="verifyFirstPom" time="0.0">
    <ignored/>
  </testcase> <!-- verifyFirstPom -->
  <testcase classname="Com.test.TestCase" name="verifyLastNameRequriedOrNot" time="0.0">
    <ignored/>
  </testcase> <!-- verifyLastNameRequriedOrNot -->
  <testcase classname="Com.test.TestCase" name="verifyMobileNumberRequriedOrNot" time="0.0">
    <ignored/>
  </testcase> <!-- verifyMobileNumberRequriedOrNot -->
</testsuite> <!-- Default test -->
