<?xml version="1.0" encoding="UTF-8"?>
<testng-results ignored="4" total="5" passed="1" failed="0" skipped="0">
  <reporter-output>
  </reporter-output>
  <suite started-at="2024-04-06T08:13:31Z" name="Default suite" finished-at="2024-04-06T08:13:38Z" duration-ms="6668">
    <groups>
    </groups>
    <test started-at="2024-04-06T08:13:31Z" name="Default test" finished-at="2024-04-06T08:13:38Z" duration-ms="6668">
      <class name="Com.test.TestCase">
        <test-method signature="verifyMobilenumberInvalidOrNot()[pri:0, instance:Com.test.TestCase@7b205dbd]" started-at="2024-04-06T08:13:31Z" name="verifyMobilenumberInvalidOrNot" finished-at="2024-04-06T08:13:38Z" duration-ms="6645" status="PASS">
          <reporter-output>
          </reporter-output>
        </test-method> <!-- verifyMobilenumberInvalidOrNot -->
      </class> <!-- Com.test.TestCase -->
    </test> <!-- Default test -->
  </suite> <!-- Default suite -->
</testng-results>
